<?xml version="1.0" encoding="UTF-8"?>
<!-- Generated by org.testng.reporters.JUnitReportReporter -->
<testsuite skipped="0" hostname="DESKTOP-CB71LAQ" name="com.zestmoney.basicscript.SampleNG" tests="1" failures="0" timestamp="2021-02-02T07:18:40 GMT-06:00" time="12.265" errors="0">
  <testcase name="pqr" time="12.265" classname="com.zestmoney.basicscript.SampleNG"/>
  <system-out/>
</testsuite> <!-- com.zestmoney.basicscript.SampleNG -->
