<?xml version="1.0" encoding="UTF-8"?>
<!-- Generated by org.testng.reporters.JUnitReportReporter -->
<testsuite skipped="0" hostname="DESKTOP-CB71LAQ" name="com.zestmoney.master.ExeLib2" tests="1" failures="0" timestamp="2021-02-02T09:42:11 GMT-06:00" time="30.693" errors="0">
  <testcase name="abc" time="30.693" classname="com.zestmoney.master.ExeLib2"/>
  <system-out/>
</testsuite> <!-- com.zestmoney.master.ExeLib2 -->
