<?xml version="1.0" encoding="UTF-8"?>
<!-- Generated by org.testng.reporters.JUnitReportReporter -->
<testsuite skipped="0" hostname="DESKTOP-CB71LAQ" name="com.zestmoney.master.ExcelLib" tests="1" failures="0" timestamp="2021-02-02T07:24:56 GMT-06:00" time="22.964" errors="0">
  <testcase name="abc" time="22.964" classname="com.zestmoney.master.ExcelLib"/>
  <system-out/>
</testsuite> <!-- com.zestmoney.master.ExcelLib -->
