<?xml version="1.0" encoding="UTF-8"?>
<!-- Generated by org.testng.reporters.JUnitReportReporter -->
<testsuite skipped="0" hostname="DESKTOP-CB71LAQ" name="com.zestmoney.basicscript.Base" tests="1" failures="0" timestamp="2021-02-02T08:35:12 GMT-06:00" time="0.026" errors="0">
  <testcase name="Test" time="0.026" classname="com.zestmoney.basicscript.Base"/>
  <system-out/>
</testsuite> <!-- com.zestmoney.basicscript.Base -->
