<?xml version="1.0" encoding="UTF-8"?>
<!-- Generated by org.testng.reporters.JUnitReportReporter -->
<testsuite skipped="0" hostname="DESKTOP-CB71LAQ" name="com.zestmoney.basicscript.AmazonMobileNG" tests="2" failures="0" timestamp="2021-02-02T10:57:52 GMT-06:00" time="0.559" errors="0">
  <testcase name="Test" time="0.000" classname="com.zestmoney.basicscript.AmazonMobileNG"/>
  <system-out/>
  <testcase name="amNG" time="0.559" classname="com.zestmoney.basicscript.AmazonMobileNG"/>
  <system-out/>
</testsuite> <!-- com.zestmoney.basicscript.AmazonMobileNG -->
