<?xml version="1.0" encoding="UTF-8"?>
<!-- Generated by org.testng.reporters.JUnitReportReporter -->
<testsuite skipped="0" hostname="DESKTOP-CB71LAQ" name="com.zestmoney.basicscript.AmazonPriceNG" tests="2" failures="0" timestamp="2021-02-02T10:57:52 GMT-06:00" time="3.640" errors="0">
  <testcase name="apNG" time="3.640" classname="com.zestmoney.basicscript.AmazonPriceNG"/>
  <system-out/>
  <testcase name="Test" time="0.000" classname="com.zestmoney.basicscript.AmazonPriceNG"/>
  <system-out/>
</testsuite> <!-- com.zestmoney.basicscript.AmazonPriceNG -->
